2020-10-29 11:30:10.5542 ERROR SPWrapper GetCompanyList Ex - Connection Timeout Expired.  The timeout period elapsed while attempting to consume the pre-login handshake acknowledgement.  This could be because the pre-login handshake failed or the server was unable to respond back in time.  The duration spent while attempting to connect to this server was - [Pre-Login] initialization=3779; handshake=10622; 
2020-10-29 11:30:10.5542 ERROR SPWrapper GetCompanyList Ex - Connection Timeout Expired.  The timeout period elapsed while attempting to consume the pre-login handshake acknowledgement.  This could be because the pre-login handshake failed or the server was unable to respond back in time.  The duration spent while attempting to connect to this server was - [Pre-Login] initialization=3779; handshake=10622; 
2020-10-29 11:40:24.9592 ERROR SPWrapper GetSectorMasters Ex - A transport-level error has occurred when receiving results from the server. (provider: TCP Provider, error: 0 - An existing connection was forcibly closed by the remote host.)
2020-10-29 11:40:24.9592 ERROR SPWrapper GetCompanyList Ex - A transport-level error has occurred when receiving results from the server. (provider: TCP Provider, error: 0 - An existing connection was forcibly closed by the remote host.)
2020-10-29 11:40:24.9592 ERROR SPWrapper GetCompanyList Ex - A transport-level error has occurred when receiving results from the server. (provider: TCP Provider, error: 0 - An existing connection was forcibly closed by the remote host.)
2020-10-29 11:40:24.9592 ERROR SPWrapper GetCompanyList Ex - A transport-level error has occurred when receiving results from the server. (provider: TCP Provider, error: 0 - An existing connection was forcibly closed by the remote host.)
2020-10-29 11:40:26.0912 ERROR SPWrapper GetCompanyList Ex - A transport-level error has occurred when receiving results from the server. (provider: TCP Provider, error: 0 - An existing connection was forcibly closed by the remote host.)
2020-10-29 11:47:24.2512 ERROR SPWrapper GetCourseList Ex - Timeout expired.  The timeout period elapsed prior to obtaining a connection from the pool.  This may have occurred because all pooled connections were in use and max pool size was reached.
2020-10-29 11:51:35.0563 ERROR SPWrapper GetCompanyList Ex - Execution Timeout Expired.  The timeout period elapsed prior to completion of the operation or the server is not responding.
A transport-level error has occurred when receiving results from the server. (provider: TCP Provider, error: 0 - An existing connection was forcibly closed by the remote host.)
2020-10-29 11:51:35.0563 ERROR SPWrapper GetCompanyList Ex - Execution Timeout Expired.  The timeout period elapsed prior to completion of the operation or the server is not responding.
A transport-level error has occurred when receiving results from the server. (provider: TCP Provider, error: 0 - An existing connection was forcibly closed by the remote host.)
2020-10-29 11:51:35.0563 ERROR SPWrapper GetCompanyList Ex - Execution Timeout Expired.  The timeout period elapsed prior to completion of the operation or the server is not responding.
A transport-level error has occurred when receiving results from the server. (provider: TCP Provider, error: 0 - An existing connection was forcibly closed by the remote host.)
2020-10-29 11:51:35.1113 ERROR SPWrapper GetCompanyList Ex - Execution Timeout Expired.  The timeout period elapsed prior to completion of the operation or the server is not responding.
A transport-level error has occurred when receiving results from the server. (provider: TCP Provider, error: 0 - An existing connection was forcibly closed by the remote host.)
2020-10-29 11:51:35.1113 ERROR SPWrapper GetCompanyList Ex - Execution Timeout Expired.  The timeout period elapsed prior to completion of the operation or the server is not responding.
A transport-level error has occurred when receiving results from the server. (provider: TCP Provider, error: 0 - An existing connection was forcibly closed by the remote host.)
2020-10-29 11:51:35.2753 ERROR SPWrapper GetCompanyList Ex - Execution Timeout Expired.  The timeout period elapsed prior to completion of the operation or the server is not responding.
A transport-level error has occurred when receiving results from the server. (provider: TCP Provider, error: 0 - An existing connection was forcibly closed by the remote host.)
2020-10-29 11:51:35.1113 ERROR SPWrapper GetCompanyList Ex - Execution Timeout Expired.  The timeout period elapsed prior to completion of the operation or the server is not responding.
A transport-level error has occurred when receiving results from the server. (provider: TCP Provider, error: 0 - An existing connection was forcibly closed by the remote host.)
2020-10-29 12:47:00.6199 ERROR SPWrapper CallNotesForReminder Ex - Could not find stored procedure 'sp_GetCallNotesForReminder'.
2020-10-29 12:47:20.6417 ERROR SPWrapper CallNotesForReminder Ex - Could not find stored procedure 'sp_GetCallNotesForReminder'.
2020-10-29 12:49:28.4615 ERROR SPWrapper CallNotesForReminder Ex - Could not find stored procedure 'sp_GetCallNotesForReminder'.
