2022-04-09 15:36:37.2620 ERROR SPWrapper GetCompanyList Ex - A transport-level error has occurred when receiving results from the server. (provider: TCP Provider, error: 0 - An existing connection was forcibly closed by the remote host.)
2022-04-09 15:36:37.2620 ERROR SPWrapper GetJobDescription Ex - A transport-level error has occurred when receiving results from the server. (provider: TCP Provider, error: 0 - An existing connection was forcibly closed by the remote host.)
2022-04-09 15:52:04.0235 ERROR SPWrapper GetCourseList Ex - Timeout expired.  The timeout period elapsed prior to obtaining a connection from the pool.  This may have occurred because all pooled connections were in use and max pool size was reached.
2022-04-09 15:52:17.7090 ERROR SPWrapper GetCourseList Ex - A network-related or instance-specific error occurred while establishing a connection to SQL Server. The server was not found or was not accessible. Verify that the instance name is correct and that SQL Server is configured to allow remote connections. (provider: Named Pipes Provider, error: 40 - Could not open a connection to SQL Server)
2022-04-09 15:52:40.6587 ERROR SPWrapper GetCourseList Ex - A network-related or instance-specific error occurred while establishing a connection to SQL Server. The server was not found or was not accessible. Verify that the instance name is correct and that SQL Server is configured to allow remote connections. (provider: Named Pipes Provider, error: 40 - Could not open a connection to SQL Server)
2022-04-09 15:56:30.3227 ERROR SPWrapper GetCourseList Ex - A network-related or instance-specific error occurred while establishing a connection to SQL Server. The server was not found or was not accessible. Verify that the instance name is correct and that SQL Server is configured to allow remote connections. (provider: Named Pipes Provider, error: 40 - Could not open a connection to SQL Server)
2022-04-09 15:56:42.1780 ERROR SPWrapper GetUserList Ex - A network-related or instance-specific error occurred while establishing a connection to SQL Server. The server was not found or was not accessible. Verify that the instance name is correct and that SQL Server is configured to allow remote connections. (provider: Named Pipes Provider, error: 40 - Could not open a connection to SQL Server)
2022-04-09 15:56:57.2086 ERROR SPWrapper GetUserList Ex - A network-related or instance-specific error occurred while establishing a connection to SQL Server. The server was not found or was not accessible. Verify that the instance name is correct and that SQL Server is configured to allow remote connections. (provider: Named Pipes Provider, error: 40 - Could not open a connection to SQL Server)
2022-04-09 15:59:16.8649 ERROR SPWrapper GetJobDescription Ex - Execution Timeout Expired.  The timeout period elapsed prior to completion of the operation or the server is not responding.
2022-04-09 16:00:04.7546 ERROR SPWrapper GetCompanyList Ex - Execution Timeout Expired.  The timeout period elapsed prior to completion of the operation or the server is not responding.
2022-04-09 16:17:30.9149 ERROR SPWrapper GetCourseList Ex - A network-related or instance-specific error occurred while establishing a connection to SQL Server. The server was not found or was not accessible. Verify that the instance name is correct and that SQL Server is configured to allow remote connections. (provider: Named Pipes Provider, error: 40 - Could not open a connection to SQL Server)
2022-04-09 16:18:01.8834 ERROR SPWrapper GetCourseList Ex - Connection Timeout Expired.  The timeout period elapsed while attempting to consume the pre-login handshake acknowledgement.  This could be because the pre-login handshake failed or the server was unable to respond back in time.  The duration spent while attempting to connect to this server was - [Pre-Login] initialization=7321; handshake=8405; 
2022-04-09 16:18:34.1841 ERROR SPWrapper GetCourseList Ex - Connection Timeout Expired.  The timeout period elapsed while attempting to consume the pre-login handshake acknowledgement.  This could be because the pre-login handshake failed or the server was unable to respond back in time.  The duration spent while attempting to connect to this server was - [Pre-Login] initialization=6964; handshake=14090; 
2022-04-09 16:18:52.0753 ERROR SPWrapper GetUserList Ex - Connection Timeout Expired.  The timeout period elapsed while attempting to consume the pre-login handshake acknowledgement.  This could be because the pre-login handshake failed or the server was unable to respond back in time.  The duration spent while attempting to connect to this server was - [Pre-Login] initialization=6964; handshake=14090; 
2022-04-09 16:19:45.9515 ERROR SPWrapper GetUserList Ex - A network-related or instance-specific error occurred while establishing a connection to SQL Server. The server was not found or was not accessible. Verify that the instance name is correct and that SQL Server is configured to allow remote connections. (provider: Named Pipes Provider, error: 40 - Could not open a connection to SQL Server)
2022-04-09 16:28:44.6822 ERROR SPWrapper GetCompanyList Ex - A transport-level error has occurred when receiving results from the server. (provider: TCP Provider, error: 0 - An existing connection was forcibly closed by the remote host.)
2022-04-09 16:45:22.5069 ERROR SPWrapper GetCompanyList Ex - A transport-level error has occurred when receiving results from the server. (provider: TCP Provider, error: 0 - The network connection was aborted by the local system.)
2022-04-09 16:45:25.4184 ERROR SPWrapper GetJobDescription Ex - A transport-level error has occurred when receiving results from the server. (provider: TCP Provider, error: 0 - An existing connection was forcibly closed by the remote host.)
2022-04-09 16:45:25.4184 ERROR SPWrapper GetCompanyList Ex - A transport-level error has occurred when receiving results from the server. (provider: TCP Provider, error: 0 - An existing connection was forcibly closed by the remote host.)
2022-04-09 16:45:25.4184 ERROR SPWrapper GetJobDescription Ex - A transport-level error has occurred when receiving results from the server. (provider: TCP Provider, error: 0 - The network connection was aborted by the local system.)
2022-04-09 16:45:25.4184 ERROR SPWrapper GetCompanyList Ex - A transport-level error has occurred when receiving results from the server. (provider: TCP Provider, error: 0 - An existing connection was forcibly closed by the remote host.)
2022-04-09 16:45:25.4184 ERROR SPWrapper GetCompanyList Ex - A transport-level error has occurred when receiving results from the server. (provider: TCP Provider, error: 0 - An existing connection was forcibly closed by the remote host.)
2022-04-09 16:45:25.4184 ERROR SPWrapper GetCompanyList Ex - A transport-level error has occurred when receiving results from the server. (provider: TCP Provider, error: 0 - The network connection was aborted by the local system.)
2022-04-09 16:45:25.4184 ERROR SPWrapper GetCompanyList Ex - A transport-level error has occurred when receiving results from the server. (provider: TCP Provider, error: 0 - An existing connection was forcibly closed by the remote host.)
2022-04-09 16:51:58.3954 ERROR SPWrapper GetCourseList Ex - Timeout expired.  The timeout period elapsed prior to obtaining a connection from the pool.  This may have occurred because all pooled connections were in use and max pool size was reached.
2022-04-09 16:52:08.6857 ERROR SPWrapper GetCourseList Ex - Timeout expired.  The timeout period elapsed prior to obtaining a connection from the pool.  This may have occurred because all pooled connections were in use and max pool size was reached.
2022-04-09 16:52:08.7563 ERROR SPWrapper GetCourseList Ex - A network-related or instance-specific error occurred while establishing a connection to SQL Server. The server was not found or was not accessible. Verify that the instance name is correct and that SQL Server is configured to allow remote connections. (provider: Named Pipes Provider, error: 40 - Could not open a connection to SQL Server)
2022-04-09 16:52:40.7722 ERROR SPWrapper GetCourseList Ex - Timeout expired.  The timeout period elapsed prior to obtaining a connection from the pool.  This may have occurred because all pooled connections were in use and max pool size was reached.
2022-04-09 16:56:39.3655 ERROR SPWrapper GetCourseList Ex - Timeout expired.  The timeout period elapsed prior to obtaining a connection from the pool.  This may have occurred because all pooled connections were in use and max pool size was reached.
2022-04-09 16:56:42.3102 ERROR SPWrapper GetCourseList Ex - Timeout expired.  The timeout period elapsed prior to obtaining a connection from the pool.  This may have occurred because all pooled connections were in use and max pool size was reached.
2022-04-09 16:56:42.3748 ERROR SPWrapper GetCourseList Ex - A network-related or instance-specific error occurred while establishing a connection to SQL Server. The server was not found or was not accessible. Verify that the instance name is correct and that SQL Server is configured to allow remote connections. (provider: Named Pipes Provider, error: 40 - Could not open a connection to SQL Server)
2022-04-09 16:56:42.4949 ERROR SPWrapper GetCourseList Ex - A network-related or instance-specific error occurred while establishing a connection to SQL Server. The server was not found or was not accessible. Verify that the instance name is correct and that SQL Server is configured to allow remote connections. (provider: Named Pipes Provider, error: 40 - Could not open a connection to SQL Server)
2022-04-09 16:56:52.7756 ERROR SPWrapper GetCourseList Ex - A network-related or instance-specific error occurred while establishing a connection to SQL Server. The server was not found or was not accessible. Verify that the instance name is correct and that SQL Server is configured to allow remote connections. (provider: Named Pipes Provider, error: 40 - Could not open a connection to SQL Server)
2022-04-09 16:57:41.1935 ERROR SPWrapper GetCourseList Ex - A network-related or instance-specific error occurred while establishing a connection to SQL Server. The server was not found or was not accessible. Verify that the instance name is correct and that SQL Server is configured to allow remote connections. (provider: Named Pipes Provider, error: 40 - Could not open a connection to SQL Server)
2022-04-09 16:58:03.2476 ERROR SPWrapper GetJobDescription Ex - A transport-level error has occurred when receiving results from the server. (provider: TCP Provider, error: 0 - The network connection was aborted by the local system.)
2022-04-09 17:01:56.6316 ERROR SPWrapper GetCompanyList Ex - Execution Timeout Expired.  The timeout period elapsed prior to completion of the operation or the server is not responding.
2022-04-09 17:01:59.6121 ERROR SPWrapper GetCompanyList Ex - Execution Timeout Expired.  The timeout period elapsed prior to completion of the operation or the server is not responding.
2022-04-09 17:02:14.0657 ERROR SPWrapper GetCompanyList Ex - Execution Timeout Expired.  The timeout period elapsed prior to completion of the operation or the server is not responding.
2022-04-09 17:02:35.3489 ERROR SPWrapper GetCompanyList Ex - Execution Timeout Expired.  The timeout period elapsed prior to completion of the operation or the server is not responding.
2022-04-09 17:02:46.2006 ERROR SPWrapper GetCompanyList Ex - Execution Timeout Expired.  The timeout period elapsed prior to completion of the operation or the server is not responding.
2022-04-09 17:03:30.0615 ERROR SPWrapper GetCompanyList Ex - Execution Timeout Expired.  The timeout period elapsed prior to completion of the operation or the server is not responding.
2022-04-09 17:20:17.8950 ERROR SPWrapper GetUserList Ex - A transport-level error has occurred when receiving results from the server. (provider: TCP Provider, error: 0 - An existing connection was forcibly closed by the remote host.)
2022-04-09 17:20:17.8950 ERROR SPWrapper GetSectorMasters Ex - A transport-level error has occurred when receiving results from the server. (provider: TCP Provider, error: 0 - An existing connection was forcibly closed by the remote host.)
2022-04-09 17:21:46.3189 ERROR SPWrapper GetUserList Ex - A network-related or instance-specific error occurred while establishing a connection to SQL Server. The server was not found or was not accessible. Verify that the instance name is correct and that SQL Server is configured to allow remote connections. (provider: Named Pipes Provider, error: 40 - Could not open a connection to SQL Server)
2022-04-09 17:21:46.7348 ERROR SPWrapper GetCourseList Ex - A network-related or instance-specific error occurred while establishing a connection to SQL Server. The server was not found or was not accessible. Verify that the instance name is correct and that SQL Server is configured to allow remote connections. (provider: Named Pipes Provider, error: 40 - Could not open a connection to SQL Server)
2022-04-09 17:22:43.7570 ERROR SPWrapper GetCourseList Ex - A network-related or instance-specific error occurred while establishing a connection to SQL Server. The server was not found or was not accessible. Verify that the instance name is correct and that SQL Server is configured to allow remote connections. (provider: Named Pipes Provider, error: 40 - Could not open a connection to SQL Server)
2022-04-09 17:23:24.0184 ERROR SPWrapper GetCompanyList Ex - Execution Timeout Expired.  The timeout period elapsed prior to completion of the operation or the server is not responding.
2022-04-09 17:23:27.6538 ERROR SPWrapper GetCompanyList Ex - Execution Timeout Expired.  The timeout period elapsed prior to completion of the operation or the server is not responding.
2022-04-09 17:40:30.5278 ERROR SPWrapper GetJobDescription Ex - A transport-level error has occurred when receiving results from the server. (provider: TCP Provider, error: 0 - The network connection was aborted by the local system.)
2022-04-09 23:06:58.1509 ERROR SPWrapper GetCallNotes Ex - A transport-level error has occurred when receiving results from the server. (provider: TCP Provider, error: 0 - An existing connection was forcibly closed by the remote host.)
2022-04-09 23:06:58.1519 ERROR SPWrapper GetCompanyList Ex - A transport-level error has occurred when receiving results from the server. (provider: TCP Provider, error: 0 - An existing connection was forcibly closed by the remote host.)
2022-04-09 23:06:58.1519 ERROR SPWrapper GetCallNotes Ex - A transport-level error has occurred when receiving results from the server. (provider: TCP Provider, error: 0 - An existing connection was forcibly closed by the remote host.)
2022-04-09 23:06:58.1519 ERROR SPWrapper GetCallNotes Ex - A transport-level error has occurred when receiving results from the server. (provider: TCP Provider, error: 0 - An existing connection was forcibly closed by the remote host.)
2022-04-09 23:19:34.8843 ERROR SPWrapper GetCompanyList Ex - Execution Timeout Expired.  The timeout period elapsed prior to completion of the operation or the server is not responding.
2022-04-09 23:19:35.2229 ERROR SPWrapper GetJobDescription Ex - Execution Timeout Expired.  The timeout period elapsed prior to completion of the operation or the server is not responding.
2022-04-09 23:19:35.0732 ERROR SPWrapper GetCompanyList Ex - Execution Timeout Expired.  The timeout period elapsed prior to completion of the operation or the server is not responding.
2022-04-09 23:19:38.2463 ERROR SPWrapper GetCompanyList Ex - Execution Timeout Expired.  The timeout period elapsed prior to completion of the operation or the server is not responding.
2022-04-09 23:24:08.7897 ERROR SPWrapper GetCourseList Ex - Timeout expired.  The timeout period elapsed prior to obtaining a connection from the pool.  This may have occurred because all pooled connections were in use and max pool size was reached.
2022-04-09 23:37:16.1172 ERROR SPWrapper GetCourseList Ex - A network-related or instance-specific error occurred while establishing a connection to SQL Server. The server was not found or was not accessible. Verify that the instance name is correct and that SQL Server is configured to allow remote connections. (provider: Named Pipes Provider, error: 40 - Could not open a connection to SQL Server)
2022-04-09 23:39:28.7982 ERROR SPWrapper GetCompanyList Ex - Execution Timeout Expired.  The timeout period elapsed prior to completion of the operation or the server is not responding.
2022-04-09 23:42:07.6826 ERROR SPWrapper GetCompanyList Ex - Execution Timeout Expired.  The timeout period elapsed prior to completion of the operation or the server is not responding.
2022-04-09 23:42:10.7471 ERROR SPWrapper GetCompanyList Ex - Execution Timeout Expired.  The timeout period elapsed prior to completion of the operation or the server is not responding.
2022-04-09 23:42:32.7907 ERROR SPWrapper GetCallNotes Ex - Execution Timeout Expired.  The timeout period elapsed prior to completion of the operation or the server is not responding.
2022-04-09 23:42:41.1268 ERROR SPWrapper GetCompanyList Ex - Execution Timeout Expired.  The timeout period elapsed prior to completion of the operation or the server is not responding.
2022-04-09 23:56:29.7726 ERROR SPWrapper GetCompanyList Ex - A transport-level error has occurred when receiving results from the server. (provider: TCP Provider, error: 0 - The network connection was aborted by the local system.)
2022-04-09 23:56:33.1281 ERROR SPWrapper GetCompanyList Ex - A transport-level error has occurred when receiving results from the server. (provider: TCP Provider, error: 0 - The network connection was aborted by the local system.)
2022-04-09 23:56:33.1281 ERROR SPWrapper GetCompanyList Ex - A transport-level error has occurred when receiving results from the server. (provider: TCP Provider, error: 0 - The network connection was aborted by the local system.)
2022-04-09 23:56:33.3259 ERROR SPWrapper GetCompanyList Ex - A transport-level error has occurred when receiving results from the server. (provider: TCP Provider, error: 0 - The network connection was aborted by the local system.)
